c:\users\nguyen van tuan\downloads\quanlysv\quanlysv\quanlysv\debug\vc142.pdb
c:\users\nguyen van tuan\downloads\quanlysv\quanlysv\quanlysv\debug\vc142.idb
c:\users\nguyen van tuan\downloads\quanlysv\quanlysv\quanlysv\debug\sinhvien.obj
c:\users\nguyen van tuan\downloads\quanlysv\quanlysv\quanlysv\debug\main.obj
c:\users\nguyen van tuan\downloads\quanlysv\quanlysv\quanlysv\debug\hocphan.obj
c:\users\nguyen van tuan\downloads\quanlysv\quanlysv\quanlysv\debug\diem.obj
c:\users\nguyen van tuan\downloads\quanlysv\quanlysv\quanlysv\debug\common_function.obj
d:\bài tập lớn ktlt\quanlysv\quanlysv\debug\vc142.pdb
d:\bài tập lớn ktlt\quanlysv\quanlysv\debug\vc142.idb
d:\bài tập lớn ktlt\quanlysv\quanlysv\debug\sinhvien.obj
d:\bài tập lớn ktlt\quanlysv\quanlysv\debug\main.obj
d:\bài tập lớn ktlt\quanlysv\quanlysv\debug\hocphan.obj
d:\bài tập lớn ktlt\quanlysv\quanlysv\debug\diem.obj
d:\bài tập lớn ktlt\quanlysv\quanlysv\debug\common_function.obj
c:\users\nguyen van tuan\downloads\quanlysv\quanlysv\debug\quanlysv.exe
c:\users\nguyen van tuan\downloads\quanlysv\quanlysv\quanlysv\debug\quanlysv.ilk
c:\users\nguyen van tuan\downloads\quanlysv\quanlysv\debug\quanlysv.pdb
d:\bài tập lớn ktlt\quanlysv\debug\quanlysv.exe
d:\bài tập lớn ktlt\quanlysv\quanlysv\debug\quanlysv.ilk
d:\bài tập lớn ktlt\quanlysv\debug\quanlysv.pdb
d:\bài tập lớn ktlt\quanlysv\debug\quanlysv.ilk
d:\bài tập lớn ktlt\quanlysv\quanlysv\debug\quanlysv.tlog\cl.command.1.tlog
d:\bài tập lớn ktlt\quanlysv\quanlysv\debug\quanlysv.tlog\cl.read.1.tlog
d:\bài tập lớn ktlt\quanlysv\quanlysv\debug\quanlysv.tlog\cl.write.1.tlog
d:\bài tập lớn ktlt\quanlysv\quanlysv\debug\quanlysv.tlog\link.command.1.tlog
d:\bài tập lớn ktlt\quanlysv\quanlysv\debug\quanlysv.tlog\link.read.1.tlog
d:\bài tập lớn ktlt\quanlysv\quanlysv\debug\quanlysv.tlog\link.write.1.tlog
